Sun Nov 04 2018 20:17:09 GMT+0530 (India Standard Time) GET /about
Sun Nov 04 2018 22:00:30 GMT+0530 (India Standard Time) GET /about
Sun Nov 04 2018 22:00:31 GMT+0530 (India Standard Time) GET /about
Sun Nov 04 2018 22:00:31 GMT+0530 (India Standard Time) GET /about
Sun Nov 04 2018 22:00:34 GMT+0530 (India Standard Time) GET /
Sun Nov 04 2018 22:01:43 GMT+0530 (India Standard Time) GET /
Sun Nov 04 2018 22:02:03 GMT+0530 (India Standard Time) GET /
Sun Nov 04 2018 22:02:25 GMT+0530 (India Standard Time) GET /
Sun Nov 04 2018 22:02:53 GMT+0530 (India Standard Time) GET /
Sun Nov 04 2018 22:02:54 GMT+0530 (India Standard Time) GET /
Sun Nov 04 2018 22:02:55 GMT+0530 (India Standard Time) GET /
Sun Nov 04 2018 22:02:55 GMT+0530 (India Standard Time) GET /
Sun Nov 04 2018 22:02:55 GMT+0530 (India Standard Time) GET /
Sun Nov 04 2018 22:03:06 GMT+0530 (India Standard Time) GET /
Sun Nov 04 2018 22:03:07 GMT+0530 (India Standard Time) GET /
Sun Nov 04 2018 22:03:07 GMT+0530 (India Standard Time) GET /
Sun Nov 04 2018 22:03:33 GMT+0530 (India Standard Time) GET /about
Sun Nov 04 2018 22:04:53 GMT+0530 (India Standard Time) GET /help.html
Sun Nov 04 2018 22:04:54 GMT+0530 (India Standard Time) GET /help.html
Sun Nov 04 2018 22:04:54 GMT+0530 (India Standard Time) GET /help.html
Mon Nov 05 2018 11:00:46 GMT+0530 (India Standard Time) GET /
Mon Nov 05 2018 11:00:46 GMT+0530 (India Standard Time) GET /favicon.ico
Mon Nov 05 2018 11:01:48 GMT+0530 (India Standard Time) GET /
Mon Nov 05 2018 11:01:48 GMT+0530 (India Standard Time) GET /favicon.ico
Mon Nov 05 2018 11:32:43 GMT+0530 (India Standard Time) GET /
Mon Nov 05 2018 11:33:06 GMT+0530 (India Standard Time) GET /
Mon Nov 05 2018 11:33:57 GMT+0530 (India Standard Time) GET /
Mon Nov 05 2018 11:44:48 GMT+0530 (India Standard Time) GET /
Mon Nov 05 2018 11:44:48 GMT+0530 (India Standard Time) GET /
Mon Nov 05 2018 11:45:12 GMT+0530 (India Standard Time) GET /
Mon Nov 05 2018 11:45:12 GMT+0530 (India Standard Time) GET /
Mon Nov 05 2018 11:58:22 GMT+0530 (India Standard Time) GET /
Mon Nov 05 2018 11:58:22 GMT+0530 (India Standard Time) GET /
Mon Nov 05 2018 12:23:30 GMT+0530 (India Standard Time) GET /
Mon Nov 05 2018 12:23:30 GMT+0530 (India Standard Time) GET /
Mon Nov 05 2018 12:28:55 GMT+0530 (India Standard Time) GET /
Mon Nov 05 2018 12:28:55 GMT+0530 (India Standard Time) GET /
Mon Nov 05 2018 12:30:54 GMT+0530 (India Standard Time) GET /
Mon Nov 05 2018 12:30:54 GMT+0530 (India Standard Time) GET /
Mon Nov 05 2018 12:34:19 GMT+0530 (India Standard Time) GET /
Mon Nov 05 2018 12:34:19 GMT+0530 (India Standard Time) GET /
Mon Nov 05 2018 12:34:46 GMT+0530 (India Standard Time) GET /
Mon Nov 05 2018 12:34:46 GMT+0530 (India Standard Time) GET /
Mon Nov 05 2018 12:39:11 GMT+0530 (India Standard Time) GET /
Mon Nov 05 2018 12:39:11 GMT+0530 (India Standard Time) GET /
Mon Nov 05 2018 12:39:23 GMT+0530 (India Standard Time) GET /
Mon Nov 05 2018 12:39:23 GMT+0530 (India Standard Time) GET /
Mon Nov 05 2018 12:46:24 GMT+0530 (India Standard Time) GET /
Mon Nov 05 2018 12:46:24 GMT+0530 (India Standard Time) GET /
Mon Nov 05 2018 12:46:45 GMT+0530 (India Standard Time) GET /
Mon Nov 05 2018 12:46:45 GMT+0530 (India Standard Time) GET /
Mon Nov 05 2018 12:50:24 GMT+0530 (India Standard Time) GET /
Mon Nov 05 2018 12:50:24 GMT+0530 (India Standard Time) GET /
Mon Nov 05 2018 12:58:17 GMT+0530 (India Standard Time) GET /
Mon Nov 05 2018 12:58:17 GMT+0530 (India Standard Time) GET /
Mon Nov 05 2018 12:58:53 GMT+0530 (India Standard Time) GET /
Mon Nov 05 2018 12:58:53 GMT+0530 (India Standard Time) GET /
Mon Nov 05 2018 13:00:50 GMT+0530 (India Standard Time) GET /
Mon Nov 05 2018 13:00:51 GMT+0530 (India Standard Time) GET /
Mon Nov 05 2018 13:05:07 GMT+0530 (India Standard Time) GET /
Mon Nov 05 2018 13:05:07 GMT+0530 (India Standard Time) GET /
Mon Nov 05 2018 13:08:33 GMT+0530 (India Standard Time) GET /
Mon Nov 05 2018 13:08:33 GMT+0530 (India Standard Time) GET /
Mon Nov 05 2018 13:09:42 GMT+0530 (India Standard Time) GET /
Mon Nov 05 2018 13:09:42 GMT+0530 (India Standard Time) GET /
Mon Nov 05 2018 13:10:03 GMT+0530 (India Standard Time) GET /
Mon Nov 05 2018 13:10:03 GMT+0530 (India Standard Time) GET /
Mon Nov 05 2018 13:12:45 GMT+0530 (India Standard Time) GET /
Mon Nov 05 2018 13:12:45 GMT+0530 (India Standard Time) GET /
Mon Nov 05 2018 13:13:20 GMT+0530 (India Standard Time) GET /
Mon Nov 05 2018 13:13:20 GMT+0530 (India Standard Time) GET /
Mon Nov 05 2018 13:14:12 GMT+0530 (India Standard Time) GET /
Mon Nov 05 2018 13:14:12 GMT+0530 (India Standard Time) GET /
Mon Nov 05 2018 13:14:52 GMT+0530 (India Standard Time) GET /
Mon Nov 05 2018 13:14:52 GMT+0530 (India Standard Time) GET /
Mon Nov 05 2018 13:16:03 GMT+0530 (India Standard Time) GET /
Mon Nov 05 2018 13:16:03 GMT+0530 (India Standard Time) GET /
Mon Nov 05 2018 13:16:48 GMT+0530 (India Standard Time) GET /
Mon Nov 05 2018 13:16:48 GMT+0530 (India Standard Time) GET /
Mon Nov 05 2018 13:16:56 GMT+0530 (India Standard Time) GET /
Mon Nov 05 2018 13:16:56 GMT+0530 (India Standard Time) GET /
Mon Nov 05 2018 13:17:04 GMT+0530 (India Standard Time) GET /
Mon Nov 05 2018 13:17:04 GMT+0530 (India Standard Time) GET /
Mon Nov 05 2018 13:17:12 GMT+0530 (India Standard Time) GET /
Mon Nov 05 2018 13:17:12 GMT+0530 (India Standard Time) GET /
Mon Nov 05 2018 13:17:52 GMT+0530 (India Standard Time) GET /
Mon Nov 05 2018 13:17:52 GMT+0530 (India Standard Time) GET /
Mon Nov 05 2018 13:18:07 GMT+0530 (India Standard Time) GET /
Mon Nov 05 2018 13:18:07 GMT+0530 (India Standard Time) GET /
Mon Nov 05 2018 13:23:43 GMT+0530 (India Standard Time) GET /
Mon Nov 05 2018 13:23:43 GMT+0530 (India Standard Time) GET /
Mon Nov 05 2018 13:28:43 GMT+0530 (India Standard Time) GET /
Mon Nov 05 2018 13:28:43 GMT+0530 (India Standard Time) GET /
Mon Nov 05 2018 13:28:49 GMT+0530 (India Standard Time) GET /
Mon Nov 05 2018 13:28:49 GMT+0530 (India Standard Time) GET /
Mon Nov 05 2018 13:29:11 GMT+0530 (India Standard Time) GET /
Mon Nov 05 2018 13:29:11 GMT+0530 (India Standard Time) GET /
Mon Nov 05 2018 13:40:00 GMT+0530 (India Standard Time) GET /
Mon Nov 05 2018 13:40:00 GMT+0530 (India Standard Time) GET /
Mon Nov 05 2018 13:42:52 GMT+0530 (India Standard Time) GET /
Mon Nov 05 2018 13:42:52 GMT+0530 (India Standard Time) GET /
Mon Nov 05 2018 13:44:02 GMT+0530 (India Standard Time) GET /
Mon Nov 05 2018 13:44:02 GMT+0530 (India Standard Time) GET /
Mon Nov 05 2018 13:45:14 GMT+0530 (India Standard Time) GET /
Mon Nov 05 2018 13:45:14 GMT+0530 (India Standard Time) GET /
Mon Nov 05 2018 13:48:57 GMT+0530 (India Standard Time) GET /
Mon Nov 05 2018 13:48:57 GMT+0530 (India Standard Time) GET /
Mon Nov 05 2018 13:56:11 GMT+0530 (India Standard Time) GET /
Mon Nov 05 2018 13:56:11 GMT+0530 (India Standard Time) GET /
Mon Nov 05 2018 13:56:46 GMT+0530 (India Standard Time) GET /
Mon Nov 05 2018 13:56:46 GMT+0530 (India Standard Time) GET /
Mon Nov 05 2018 13:59:58 GMT+0530 (India Standard Time) GET /
Mon Nov 05 2018 13:59:58 GMT+0530 (India Standard Time) GET /
Mon Nov 05 2018 13:59:58 GMT+0530 (India Standard Time) GET /
Mon Nov 05 2018 13:59:58 GMT+0530 (India Standard Time) GET /
Mon Nov 05 2018 14:00:55 GMT+0530 (India Standard Time) GET /
Mon Nov 05 2018 14:00:55 GMT+0530 (India Standard Time) GET /
Mon Nov 05 2018 14:00:55 GMT+0530 (India Standard Time) GET /
Mon Nov 05 2018 14:00:55 GMT+0530 (India Standard Time) GET /
Mon Nov 05 2018 14:04:00 GMT+0530 (India Standard Time) GET /
Mon Nov 05 2018 14:04:00 GMT+0530 (India Standard Time) GET /
Mon Nov 05 2018 14:04:00 GMT+0530 (India Standard Time) GET /
Mon Nov 05 2018 14:04:00 GMT+0530 (India Standard Time) GET /
Mon Nov 05 2018 14:23:47 GMT+0530 (India Standard Time) GET /
Mon Nov 05 2018 14:23:47 GMT+0530 (India Standard Time) GET /
Mon Nov 05 2018 14:23:47 GMT+0530 (India Standard Time) GET /
Mon Nov 05 2018 14:23:47 GMT+0530 (India Standard Time) GET /
Mon Nov 05 2018 14:23:59 GMT+0530 (India Standard Time) GET /
Mon Nov 05 2018 14:23:59 GMT+0530 (India Standard Time) GET /
Mon Nov 05 2018 14:23:59 GMT+0530 (India Standard Time) GET /
Mon Nov 05 2018 14:23:59 GMT+0530 (India Standard Time) GET /
Mon Nov 05 2018 14:24:56 GMT+0530 (India Standard Time) GET /
Mon Nov 05 2018 14:24:56 GMT+0530 (India Standard Time) GET /
Mon Nov 05 2018 14:24:56 GMT+0530 (India Standard Time) GET /
Mon Nov 05 2018 14:24:56 GMT+0530 (India Standard Time) GET /
Mon Nov 05 2018 14:26:06 GMT+0530 (India Standard Time) GET /
Mon Nov 05 2018 14:26:06 GMT+0530 (India Standard Time) GET /
Mon Nov 05 2018 14:26:06 GMT+0530 (India Standard Time) GET /
Mon Nov 05 2018 14:26:06 GMT+0530 (India Standard Time) GET /
Mon Nov 05 2018 14:28:14 GMT+0530 (India Standard Time) GET /
Mon Nov 05 2018 14:28:14 GMT+0530 (India Standard Time) GET /
Mon Nov 05 2018 14:28:14 GMT+0530 (India Standard Time) GET /
Mon Nov 05 2018 14:28:14 GMT+0530 (India Standard Time) GET /
Mon Nov 05 2018 14:29:01 GMT+0530 (India Standard Time) GET /
Mon Nov 05 2018 14:29:01 GMT+0530 (India Standard Time) GET /
Mon Nov 05 2018 14:29:01 GMT+0530 (India Standard Time) GET /
Mon Nov 05 2018 14:29:01 GMT+0530 (India Standard Time) GET /
Mon Nov 05 2018 14:34:19 GMT+0530 (India Standard Time) GET /
Mon Nov 05 2018 14:34:19 GMT+0530 (India Standard Time) GET /
Mon Nov 05 2018 14:34:46 GMT+0530 (India Standard Time) GET /
Mon Nov 05 2018 14:34:46 GMT+0530 (India Standard Time) GET /
Mon Nov 05 2018 14:34:46 GMT+0530 (India Standard Time) GET /
Mon Nov 05 2018 14:34:46 GMT+0530 (India Standard Time) GET /
Mon Nov 05 2018 14:56:23 GMT+0530 (India Standard Time) GET /
Mon Nov 05 2018 14:56:23 GMT+0530 (India Standard Time) GET /
Mon Nov 05 2018 14:56:23 GMT+0530 (India Standard Time) GET /
Mon Nov 05 2018 14:56:23 GMT+0530 (India Standard Time) GET /
Mon Nov 05 2018 14:58:46 GMT+0530 (India Standard Time) GET /
Mon Nov 05 2018 14:58:46 GMT+0530 (India Standard Time) GET /
Mon Nov 05 2018 14:58:47 GMT+0530 (India Standard Time) GET /
Mon Nov 05 2018 14:58:47 GMT+0530 (India Standard Time) GET /
Mon Nov 05 2018 15:01:33 GMT+0530 (India Standard Time) GET /
Mon Nov 05 2018 15:01:33 GMT+0530 (India Standard Time) GET /
Mon Nov 05 2018 15:01:33 GMT+0530 (India Standard Time) GET /
Mon Nov 05 2018 15:01:33 GMT+0530 (India Standard Time) GET /
Mon Nov 05 2018 15:03:56 GMT+0530 (India Standard Time) GET /
Mon Nov 05 2018 15:03:56 GMT+0530 (India Standard Time) GET /
Mon Nov 05 2018 15:03:56 GMT+0530 (India Standard Time) GET /
Mon Nov 05 2018 15:03:56 GMT+0530 (India Standard Time) GET /
Mon Nov 05 2018 15:04:12 GMT+0530 (India Standard Time) GET /
Mon Nov 05 2018 15:04:12 GMT+0530 (India Standard Time) GET /
Mon Nov 05 2018 15:04:12 GMT+0530 (India Standard Time) GET /
Mon Nov 05 2018 15:04:12 GMT+0530 (India Standard Time) GET /
Mon Nov 05 2018 15:05:11 GMT+0530 (India Standard Time) GET /
Mon Nov 05 2018 15:05:11 GMT+0530 (India Standard Time) GET /
Mon Nov 05 2018 15:05:11 GMT+0530 (India Standard Time) GET /
Mon Nov 05 2018 15:05:11 GMT+0530 (India Standard Time) GET /
Mon Nov 05 2018 15:17:51 GMT+0530 (India Standard Time) GET /
Mon Nov 05 2018 15:17:51 GMT+0530 (India Standard Time) GET /
Mon Nov 05 2018 15:17:51 GMT+0530 (India Standard Time) GET /
Mon Nov 05 2018 15:17:51 GMT+0530 (India Standard Time) GET /
Mon Nov 05 2018 15:18:03 GMT+0530 (India Standard Time) GET /
Mon Nov 05 2018 15:18:03 GMT+0530 (India Standard Time) GET /
Mon Nov 05 2018 15:18:03 GMT+0530 (India Standard Time) GET /
Mon Nov 05 2018 15:18:03 GMT+0530 (India Standard Time) GET /
Mon Nov 05 2018 15:29:56 GMT+0530 (India Standard Time) GET /
Mon Nov 05 2018 15:29:56 GMT+0530 (India Standard Time) GET /
Mon Nov 05 2018 15:29:56 GMT+0530 (India Standard Time) GET /
Mon Nov 05 2018 15:29:56 GMT+0530 (India Standard Time) GET /
Mon Nov 05 2018 15:30:32 GMT+0530 (India Standard Time) GET /
Mon Nov 05 2018 15:30:32 GMT+0530 (India Standard Time) GET /
Mon Nov 05 2018 15:30:33 GMT+0530 (India Standard Time) GET /
Mon Nov 05 2018 15:30:33 GMT+0530 (India Standard Time) GET /
Mon Nov 05 2018 15:31:06 GMT+0530 (India Standard Time) GET /
Mon Nov 05 2018 15:31:06 GMT+0530 (India Standard Time) GET /
Mon Nov 05 2018 15:31:28 GMT+0530 (India Standard Time) GET /
Mon Nov 05 2018 15:31:28 GMT+0530 (India Standard Time) GET /
Mon Nov 05 2018 15:31:28 GMT+0530 (India Standard Time) GET /
Mon Nov 05 2018 15:31:28 GMT+0530 (India Standard Time) GET /
Mon Nov 05 2018 15:32:43 GMT+0530 (India Standard Time) GET /
Mon Nov 05 2018 15:32:43 GMT+0530 (India Standard Time) GET /
Mon Nov 05 2018 15:32:43 GMT+0530 (India Standard Time) GET /
Mon Nov 05 2018 15:32:43 GMT+0530 (India Standard Time) GET /
Mon Nov 05 2018 15:37:41 GMT+0530 (India Standard Time) GET /
Mon Nov 05 2018 15:37:41 GMT+0530 (India Standard Time) GET /
Mon Nov 05 2018 15:37:41 GMT+0530 (India Standard Time) GET /
Mon Nov 05 2018 15:37:41 GMT+0530 (India Standard Time) GET /
Mon Nov 05 2018 15:37:59 GMT+0530 (India Standard Time) GET /
Mon Nov 05 2018 15:37:59 GMT+0530 (India Standard Time) GET /
Mon Nov 05 2018 15:37:59 GMT+0530 (India Standard Time) GET /
Mon Nov 05 2018 15:37:59 GMT+0530 (India Standard Time) GET /
Mon Nov 05 2018 15:40:11 GMT+0530 (India Standard Time) GET /
Mon Nov 05 2018 15:40:11 GMT+0530 (India Standard Time) GET /
Mon Nov 05 2018 15:40:11 GMT+0530 (India Standard Time) GET /
Mon Nov 05 2018 15:40:11 GMT+0530 (India Standard Time) GET /
Mon Nov 05 2018 15:40:35 GMT+0530 (India Standard Time) GET /
Mon Nov 05 2018 15:40:35 GMT+0530 (India Standard Time) GET /
Mon Nov 05 2018 15:40:35 GMT+0530 (India Standard Time) GET /
Mon Nov 05 2018 15:40:35 GMT+0530 (India Standard Time) GET /
Mon Nov 05 2018 15:40:49 GMT+0530 (India Standard Time) GET /
Mon Nov 05 2018 15:40:49 GMT+0530 (India Standard Time) GET /
Mon Nov 05 2018 15:40:49 GMT+0530 (India Standard Time) GET /
Mon Nov 05 2018 15:40:49 GMT+0530 (India Standard Time) GET /
Mon Nov 05 2018 15:41:03 GMT+0530 (India Standard Time) GET /
Mon Nov 05 2018 15:41:03 GMT+0530 (India Standard Time) GET /
Mon Nov 05 2018 15:41:03 GMT+0530 (India Standard Time) GET /
Mon Nov 05 2018 15:41:03 GMT+0530 (India Standard Time) GET /
Mon Nov 05 2018 15:41:10 GMT+0530 (India Standard Time) GET /
Mon Nov 05 2018 15:41:10 GMT+0530 (India Standard Time) GET /
Mon Nov 05 2018 15:41:10 GMT+0530 (India Standard Time) GET /
Mon Nov 05 2018 15:41:10 GMT+0530 (India Standard Time) GET /
Mon Nov 05 2018 15:41:19 GMT+0530 (India Standard Time) GET /
Mon Nov 05 2018 15:41:19 GMT+0530 (India Standard Time) GET /
Mon Nov 05 2018 15:41:19 GMT+0530 (India Standard Time) GET /
Mon Nov 05 2018 15:41:19 GMT+0530 (India Standard Time) GET /
Mon Nov 05 2018 15:41:51 GMT+0530 (India Standard Time) GET /
Mon Nov 05 2018 15:41:51 GMT+0530 (India Standard Time) GET /
Mon Nov 05 2018 15:41:51 GMT+0530 (India Standard Time) GET /
Mon Nov 05 2018 15:41:51 GMT+0530 (India Standard Time) GET /
Mon Nov 05 2018 15:42:12 GMT+0530 (India Standard Time) GET /
Mon Nov 05 2018 15:42:12 GMT+0530 (India Standard Time) GET /
Mon Nov 05 2018 15:42:12 GMT+0530 (India Standard Time) GET /
Mon Nov 05 2018 15:42:12 GMT+0530 (India Standard Time) GET /
Mon Nov 05 2018 15:42:21 GMT+0530 (India Standard Time) GET /
Mon Nov 05 2018 15:42:21 GMT+0530 (India Standard Time) GET /
Mon Nov 05 2018 15:42:21 GMT+0530 (India Standard Time) GET /
Mon Nov 05 2018 15:42:21 GMT+0530 (India Standard Time) GET /
Mon Nov 05 2018 15:42:30 GMT+0530 (India Standard Time) GET /
Mon Nov 05 2018 15:42:30 GMT+0530 (India Standard Time) GET /
Mon Nov 05 2018 15:42:30 GMT+0530 (India Standard Time) GET /
Mon Nov 05 2018 15:42:30 GMT+0530 (India Standard Time) GET /
Mon Nov 05 2018 15:43:09 GMT+0530 (India Standard Time) GET /
Mon Nov 05 2018 15:43:10 GMT+0530 (India Standard Time) GET /
Mon Nov 05 2018 15:43:10 GMT+0530 (India Standard Time) GET /
Mon Nov 05 2018 15:43:10 GMT+0530 (India Standard Time) GET /
Mon Nov 05 2018 15:44:32 GMT+0530 (India Standard Time) GET /
Mon Nov 05 2018 15:44:32 GMT+0530 (India Standard Time) GET /
Mon Nov 05 2018 15:44:32 GMT+0530 (India Standard Time) GET /
Mon Nov 05 2018 15:44:32 GMT+0530 (India Standard Time) GET /
Mon Nov 05 2018 15:44:57 GMT+0530 (India Standard Time) GET /
Mon Nov 05 2018 15:44:57 GMT+0530 (India Standard Time) GET /
Mon Nov 05 2018 15:45:35 GMT+0530 (India Standard Time) GET /
Mon Nov 05 2018 15:45:35 GMT+0530 (India Standard Time) GET /
Mon Nov 05 2018 15:45:35 GMT+0530 (India Standard Time) GET /
Mon Nov 05 2018 15:45:35 GMT+0530 (India Standard Time) GET /
Mon Nov 05 2018 15:46:46 GMT+0530 (India Standard Time) GET /
Mon Nov 05 2018 15:46:46 GMT+0530 (India Standard Time) GET /
Mon Nov 05 2018 15:46:46 GMT+0530 (India Standard Time) GET /
Mon Nov 05 2018 15:46:46 GMT+0530 (India Standard Time) GET /
Mon Nov 05 2018 15:48:10 GMT+0530 (India Standard Time) GET /
Mon Nov 05 2018 15:48:10 GMT+0530 (India Standard Time) GET /
Mon Nov 05 2018 15:48:10 GMT+0530 (India Standard Time) GET /
Mon Nov 05 2018 15:48:10 GMT+0530 (India Standard Time) GET /
Mon Nov 05 2018 15:49:17 GMT+0530 (India Standard Time) GET /
Mon Nov 05 2018 15:49:17 GMT+0530 (India Standard Time) GET /
Mon Nov 05 2018 15:49:18 GMT+0530 (India Standard Time) GET /
Mon Nov 05 2018 15:49:18 GMT+0530 (India Standard Time) GET /
Mon Nov 05 2018 15:50:14 GMT+0530 (India Standard Time) GET /
Mon Nov 05 2018 15:50:14 GMT+0530 (India Standard Time) GET /
Mon Nov 05 2018 15:50:14 GMT+0530 (India Standard Time) GET /
Mon Nov 05 2018 15:50:14 GMT+0530 (India Standard Time) GET /
Mon Nov 05 2018 15:52:42 GMT+0530 (India Standard Time) GET /
Mon Nov 05 2018 15:52:42 GMT+0530 (India Standard Time) GET /
Mon Nov 05 2018 15:52:42 GMT+0530 (India Standard Time) GET /
Mon Nov 05 2018 15:52:42 GMT+0530 (India Standard Time) GET /
Mon Nov 05 2018 15:53:55 GMT+0530 (India Standard Time) GET /
Mon Nov 05 2018 15:53:55 GMT+0530 (India Standard Time) GET /
Mon Nov 05 2018 15:53:56 GMT+0530 (India Standard Time) GET /
Mon Nov 05 2018 15:53:56 GMT+0530 (India Standard Time) GET /
Mon Nov 05 2018 15:54:31 GMT+0530 (India Standard Time) GET /
Mon Nov 05 2018 15:54:31 GMT+0530 (India Standard Time) GET /
Mon Nov 05 2018 15:54:31 GMT+0530 (India Standard Time) GET /
Mon Nov 05 2018 15:54:31 GMT+0530 (India Standard Time) GET /
Mon Nov 05 2018 15:56:42 GMT+0530 (India Standard Time) GET /
Mon Nov 05 2018 15:56:42 GMT+0530 (India Standard Time) GET /
Mon Nov 05 2018 15:56:42 GMT+0530 (India Standard Time) GET /
Mon Nov 05 2018 15:56:42 GMT+0530 (India Standard Time) GET /
Mon Nov 05 2018 15:58:28 GMT+0530 (India Standard Time) GET /
Mon Nov 05 2018 15:58:28 GMT+0530 (India Standard Time) GET /
Mon Nov 05 2018 15:58:29 GMT+0530 (India Standard Time) GET /
Mon Nov 05 2018 15:58:30 GMT+0530 (India Standard Time) GET /
Mon Nov 05 2018 15:59:42 GMT+0530 (India Standard Time) GET /
Mon Nov 05 2018 15:59:43 GMT+0530 (India Standard Time) GET /
Mon Nov 05 2018 15:59:44 GMT+0530 (India Standard Time) GET /
Mon Nov 05 2018 15:59:44 GMT+0530 (India Standard Time) GET /
Mon Nov 05 2018 16:00:42 GMT+0530 (India Standard Time) GET /
Mon Nov 05 2018 16:00:42 GMT+0530 (India Standard Time) GET /
Mon Nov 05 2018 16:00:43 GMT+0530 (India Standard Time) GET /
Mon Nov 05 2018 16:00:43 GMT+0530 (India Standard Time) GET /
Mon Nov 05 2018 16:00:59 GMT+0530 (India Standard Time) GET /
Mon Nov 05 2018 16:00:59 GMT+0530 (India Standard Time) GET /
Mon Nov 05 2018 16:01:01 GMT+0530 (India Standard Time) GET /
Mon Nov 05 2018 16:01:01 GMT+0530 (India Standard Time) GET /
Mon Nov 05 2018 16:01:26 GMT+0530 (India Standard Time) GET /
Mon Nov 05 2018 16:01:26 GMT+0530 (India Standard Time) GET /
Mon Nov 05 2018 16:01:28 GMT+0530 (India Standard Time) GET /
Mon Nov 05 2018 16:01:28 GMT+0530 (India Standard Time) GET /
Mon Nov 05 2018 16:07:03 GMT+0530 (India Standard Time) GET /
Mon Nov 05 2018 16:07:05 GMT+0530 (India Standard Time) GET /
Mon Nov 05 2018 16:07:07 GMT+0530 (India Standard Time) GET /
Mon Nov 05 2018 16:07:08 GMT+0530 (India Standard Time) GET /
Mon Nov 05 2018 16:07:14 GMT+0530 (India Standard Time) GET /
Mon Nov 05 2018 16:07:15 GMT+0530 (India Standard Time) GET /
Mon Nov 05 2018 16:07:18 GMT+0530 (India Standard Time) GET /
Mon Nov 05 2018 16:07:19 GMT+0530 (India Standard Time) GET /
Mon Nov 05 2018 16:07:29 GMT+0530 (India Standard Time) GET /
Mon Nov 05 2018 16:07:30 GMT+0530 (India Standard Time) GET /
Mon Nov 05 2018 16:07:30 GMT+0530 (India Standard Time) GET /
Mon Nov 05 2018 16:07:31 GMT+0530 (India Standard Time) GET /
Mon Nov 05 2018 16:07:52 GMT+0530 (India Standard Time) GET /
Mon Nov 05 2018 16:07:52 GMT+0530 (India Standard Time) GET /
Mon Nov 05 2018 16:07:57 GMT+0530 (India Standard Time) GET /
Mon Nov 05 2018 16:07:58 GMT+0530 (India Standard Time) GET /
Mon Nov 05 2018 16:08:14 GMT+0530 (India Standard Time) GET /
Mon Nov 05 2018 16:08:15 GMT+0530 (India Standard Time) GET /
Mon Nov 05 2018 16:08:18 GMT+0530 (India Standard Time) GET /
Mon Nov 05 2018 16:08:18 GMT+0530 (India Standard Time) GET /
Mon Nov 05 2018 16:09:09 GMT+0530 (India Standard Time) GET /
Mon Nov 05 2018 16:09:09 GMT+0530 (India Standard Time) GET /
Mon Nov 05 2018 16:09:11 GMT+0530 (India Standard Time) GET /
Mon Nov 05 2018 16:09:12 GMT+0530 (India Standard Time) GET /
Mon Nov 05 2018 16:10:55 GMT+0530 (India Standard Time) GET /
Mon Nov 05 2018 16:10:55 GMT+0530 (India Standard Time) GET /
Mon Nov 05 2018 16:10:56 GMT+0530 (India Standard Time) GET /
Mon Nov 05 2018 16:10:57 GMT+0530 (India Standard Time) GET /
Mon Nov 05 2018 16:11:25 GMT+0530 (India Standard Time) GET /
Mon Nov 05 2018 16:11:26 GMT+0530 (India Standard Time) GET /
Mon Nov 05 2018 16:11:27 GMT+0530 (India Standard Time) GET /
Mon Nov 05 2018 16:11:28 GMT+0530 (India Standard Time) GET /
Mon Nov 05 2018 16:11:53 GMT+0530 (India Standard Time) GET /
Mon Nov 05 2018 16:11:54 GMT+0530 (India Standard Time) GET /
Mon Nov 05 2018 16:11:55 GMT+0530 (India Standard Time) GET /
Mon Nov 05 2018 16:11:55 GMT+0530 (India Standard Time) GET /
Mon Nov 05 2018 16:12:31 GMT+0530 (India Standard Time) GET /
Mon Nov 05 2018 16:12:31 GMT+0530 (India Standard Time) GET /
Mon Nov 05 2018 16:21:14 GMT+0530 (India Standard Time) GET /
Mon Nov 05 2018 16:21:14 GMT+0530 (India Standard Time) GET /
Mon Nov 05 2018 16:21:16 GMT+0530 (India Standard Time) GET /
Mon Nov 05 2018 16:21:16 GMT+0530 (India Standard Time) GET /
Mon Nov 05 2018 16:25:06 GMT+0530 (India Standard Time) GET /
Mon Nov 05 2018 16:25:07 GMT+0530 (India Standard Time) GET /
Mon Nov 05 2018 16:25:10 GMT+0530 (India Standard Time) GET /
Mon Nov 05 2018 16:25:10 GMT+0530 (India Standard Time) GET /
Mon Nov 05 2018 16:26:37 GMT+0530 (India Standard Time) GET /
Mon Nov 05 2018 16:26:37 GMT+0530 (India Standard Time) GET /
Mon Nov 05 2018 16:26:39 GMT+0530 (India Standard Time) GET /
Mon Nov 05 2018 16:26:39 GMT+0530 (India Standard Time) GET /
Mon Nov 05 2018 16:27:47 GMT+0530 (India Standard Time) GET /
Mon Nov 05 2018 16:27:47 GMT+0530 (India Standard Time) GET /
Mon Nov 05 2018 16:27:49 GMT+0530 (India Standard Time) GET /
Mon Nov 05 2018 16:27:49 GMT+0530 (India Standard Time) GET /
Mon Nov 05 2018 16:28:09 GMT+0530 (India Standard Time) GET /
Mon Nov 05 2018 16:28:09 GMT+0530 (India Standard Time) GET /
Mon Nov 05 2018 16:28:12 GMT+0530 (India Standard Time) GET /
Mon Nov 05 2018 16:28:12 GMT+0530 (India Standard Time) GET /
Mon Nov 05 2018 16:30:05 GMT+0530 (India Standard Time) GET /
Mon Nov 05 2018 16:30:05 GMT+0530 (India Standard Time) GET /
Mon Nov 05 2018 16:30:06 GMT+0530 (India Standard Time) GET /
Mon Nov 05 2018 16:30:07 GMT+0530 (India Standard Time) GET /
Mon Nov 05 2018 16:32:05 GMT+0530 (India Standard Time) GET /
Mon Nov 05 2018 16:32:05 GMT+0530 (India Standard Time) GET /
Mon Nov 05 2018 16:32:08 GMT+0530 (India Standard Time) GET /
Mon Nov 05 2018 16:32:08 GMT+0530 (India Standard Time) GET /
Mon Nov 05 2018 16:37:08 GMT+0530 (India Standard Time) GET /
Mon Nov 05 2018 16:37:08 GMT+0530 (India Standard Time) GET /
Mon Nov 05 2018 16:37:09 GMT+0530 (India Standard Time) GET /
Mon Nov 05 2018 16:37:09 GMT+0530 (India Standard Time) GET /
Mon Nov 05 2018 16:41:19 GMT+0530 (India Standard Time) GET /
Mon Nov 05 2018 16:41:20 GMT+0530 (India Standard Time) GET /
Mon Nov 05 2018 16:41:22 GMT+0530 (India Standard Time) GET /
Mon Nov 05 2018 16:41:23 GMT+0530 (India Standard Time) GET /
Mon Nov 05 2018 16:43:08 GMT+0530 (India Standard Time) GET /
Mon Nov 05 2018 16:43:08 GMT+0530 (India Standard Time) GET /
Mon Nov 05 2018 16:43:13 GMT+0530 (India Standard Time) GET /
Mon Nov 05 2018 16:43:13 GMT+0530 (India Standard Time) GET /
Mon Nov 05 2018 16:47:24 GMT+0530 (India Standard Time) GET /
Mon Nov 05 2018 16:47:24 GMT+0530 (India Standard Time) GET /
Mon Nov 05 2018 16:47:25 GMT+0530 (India Standard Time) GET /
Mon Nov 05 2018 16:47:25 GMT+0530 (India Standard Time) GET /
Mon Nov 05 2018 16:48:13 GMT+0530 (India Standard Time) GET /
Mon Nov 05 2018 16:48:14 GMT+0530 (India Standard Time) GET /
Mon Nov 05 2018 16:48:14 GMT+0530 (India Standard Time) GET /
Mon Nov 05 2018 16:48:14 GMT+0530 (India Standard Time) GET /
Mon Nov 05 2018 16:50:25 GMT+0530 (India Standard Time) GET /
Mon Nov 05 2018 16:50:26 GMT+0530 (India Standard Time) GET /
Mon Nov 05 2018 16:50:27 GMT+0530 (India Standard Time) GET /
Mon Nov 05 2018 16:50:27 GMT+0530 (India Standard Time) GET /
Mon Nov 05 2018 16:55:52 GMT+0530 (India Standard Time) GET /
Mon Nov 05 2018 16:55:52 GMT+0530 (India Standard Time) GET /
Mon Nov 05 2018 16:55:53 GMT+0530 (India Standard Time) GET /
Mon Nov 05 2018 16:55:53 GMT+0530 (India Standard Time) GET /
Mon Nov 05 2018 16:56:59 GMT+0530 (India Standard Time) GET /
Mon Nov 05 2018 16:56:59 GMT+0530 (India Standard Time) GET /
Mon Nov 05 2018 16:57:00 GMT+0530 (India Standard Time) GET /
Mon Nov 05 2018 16:57:00 GMT+0530 (India Standard Time) GET /
Mon Nov 05 2018 16:59:00 GMT+0530 (India Standard Time) GET /
Mon Nov 05 2018 16:59:00 GMT+0530 (India Standard Time) GET /
Mon Nov 05 2018 16:59:22 GMT+0530 (India Standard Time) GET /
Mon Nov 05 2018 16:59:23 GMT+0530 (India Standard Time) GET /
Mon Nov 05 2018 17:08:38 GMT+0530 (India Standard Time) GET /
Mon Nov 05 2018 17:08:39 GMT+0530 (India Standard Time) GET /
Mon Nov 05 2018 17:08:41 GMT+0530 (India Standard Time) GET /
Mon Nov 05 2018 17:08:41 GMT+0530 (India Standard Time) GET /
Mon Nov 05 2018 17:10:11 GMT+0530 (India Standard Time) GET /
Mon Nov 05 2018 17:10:11 GMT+0530 (India Standard Time) GET /
Mon Nov 05 2018 17:10:13 GMT+0530 (India Standard Time) GET /
Mon Nov 05 2018 17:10:14 GMT+0530 (India Standard Time) GET /
Mon Nov 05 2018 17:11:14 GMT+0530 (India Standard Time) GET /
Mon Nov 05 2018 17:11:14 GMT+0530 (India Standard Time) GET /
Mon Nov 05 2018 17:13:00 GMT+0530 (India Standard Time) GET /
Mon Nov 05 2018 17:13:00 GMT+0530 (India Standard Time) GET /
Mon Nov 05 2018 17:13:02 GMT+0530 (India Standard Time) GET /
Mon Nov 05 2018 17:13:02 GMT+0530 (India Standard Time) GET /
Mon Nov 05 2018 17:13:29 GMT+0530 (India Standard Time) GET /
Mon Nov 05 2018 17:13:30 GMT+0530 (India Standard Time) GET /
Mon Nov 05 2018 17:14:00 GMT+0530 (India Standard Time) GET /
Mon Nov 05 2018 17:14:00 GMT+0530 (India Standard Time) GET /
Mon Nov 05 2018 17:14:03 GMT+0530 (India Standard Time) GET /
Mon Nov 05 2018 17:14:03 GMT+0530 (India Standard Time) GET /
Mon Nov 05 2018 17:27:43 GMT+0530 (India Standard Time) GET /
Mon Nov 05 2018 17:27:44 GMT+0530 (India Standard Time) GET /
Mon Nov 05 2018 17:27:45 GMT+0530 (India Standard Time) GET /
Mon Nov 05 2018 17:27:46 GMT+0530 (India Standard Time) GET /
Mon Nov 05 2018 17:30:36 GMT+0530 (India Standard Time) GET /
Mon Nov 05 2018 17:30:38 GMT+0530 (India Standard Time) GET /
Mon Nov 05 2018 17:30:39 GMT+0530 (India Standard Time) GET /
Mon Nov 05 2018 17:30:39 GMT+0530 (India Standard Time) GET /
Mon Nov 05 2018 17:30:47 GMT+0530 (India Standard Time) GET /
Mon Nov 05 2018 17:30:48 GMT+0530 (India Standard Time) GET /
Mon Nov 05 2018 17:30:50 GMT+0530 (India Standard Time) GET /
Mon Nov 05 2018 17:30:50 GMT+0530 (India Standard Time) GET /
Mon Nov 05 2018 17:31:17 GMT+0530 (India Standard Time) GET /
Mon Nov 05 2018 17:31:18 GMT+0530 (India Standard Time) GET /
Mon Nov 05 2018 17:31:19 GMT+0530 (India Standard Time) GET /
Mon Nov 05 2018 17:31:20 GMT+0530 (India Standard Time) GET /
Mon Nov 05 2018 17:31:45 GMT+0530 (India Standard Time) GET /
Mon Nov 05 2018 17:31:46 GMT+0530 (India Standard Time) GET /
Mon Nov 05 2018 17:31:48 GMT+0530 (India Standard Time) GET /
Mon Nov 05 2018 17:31:48 GMT+0530 (India Standard Time) GET /
Mon Nov 05 2018 17:32:56 GMT+0530 (India Standard Time) GET /
Mon Nov 05 2018 17:32:57 GMT+0530 (India Standard Time) GET /
Mon Nov 05 2018 17:32:58 GMT+0530 (India Standard Time) GET /
Mon Nov 05 2018 17:32:58 GMT+0530 (India Standard Time) GET /
Mon Nov 05 2018 17:34:04 GMT+0530 (India Standard Time) GET /
Mon Nov 05 2018 17:34:04 GMT+0530 (India Standard Time) GET /
Mon Nov 05 2018 17:34:05 GMT+0530 (India Standard Time) GET /
Mon Nov 05 2018 17:34:05 GMT+0530 (India Standard Time) GET /
Mon Nov 05 2018 17:34:25 GMT+0530 (India Standard Time) GET /
Mon Nov 05 2018 17:34:25 GMT+0530 (India Standard Time) GET /
Mon Nov 05 2018 17:34:25 GMT+0530 (India Standard Time) GET /
Mon Nov 05 2018 17:34:25 GMT+0530 (India Standard Time) GET /
Mon Nov 05 2018 17:35:06 GMT+0530 (India Standard Time) GET /
Mon Nov 05 2018 17:35:06 GMT+0530 (India Standard Time) GET /
Mon Nov 05 2018 17:35:07 GMT+0530 (India Standard Time) GET /
Mon Nov 05 2018 17:35:07 GMT+0530 (India Standard Time) GET /
Mon Nov 05 2018 17:35:42 GMT+0530 (India Standard Time) GET /
Mon Nov 05 2018 17:35:42 GMT+0530 (India Standard Time) GET /
Mon Nov 05 2018 17:35:42 GMT+0530 (India Standard Time) GET /
Mon Nov 05 2018 17:35:42 GMT+0530 (India Standard Time) GET /
Mon Nov 05 2018 17:43:11 GMT+0530 (India Standard Time) GET /
Mon Nov 05 2018 17:43:11 GMT+0530 (India Standard Time) GET /
Mon Nov 05 2018 17:43:11 GMT+0530 (India Standard Time) GET /
Mon Nov 05 2018 17:43:11 GMT+0530 (India Standard Time) GET /
Mon Nov 05 2018 17:43:36 GMT+0530 (India Standard Time) GET /
Mon Nov 05 2018 17:43:36 GMT+0530 (India Standard Time) GET /
Mon Nov 05 2018 17:43:36 GMT+0530 (India Standard Time) GET /
Mon Nov 05 2018 17:43:36 GMT+0530 (India Standard Time) GET /
Mon Nov 05 2018 17:49:19 GMT+0530 (India Standard Time) GET /
Mon Nov 05 2018 17:49:19 GMT+0530 (India Standard Time) GET /
Mon Nov 05 2018 17:49:19 GMT+0530 (India Standard Time) GET /
Mon Nov 05 2018 17:49:19 GMT+0530 (India Standard Time) GET /
Mon Nov 05 2018 17:49:48 GMT+0530 (India Standard Time) GET /
Mon Nov 05 2018 17:49:48 GMT+0530 (India Standard Time) GET /
Mon Nov 05 2018 17:49:50 GMT+0530 (India Standard Time) GET /
Mon Nov 05 2018 17:49:50 GMT+0530 (India Standard Time) GET /
Mon Nov 05 2018 17:50:34 GMT+0530 (India Standard Time) GET /
Mon Nov 05 2018 17:50:34 GMT+0530 (India Standard Time) GET /
Mon Nov 05 2018 17:50:34 GMT+0530 (India Standard Time) GET /
Mon Nov 05 2018 17:50:34 GMT+0530 (India Standard Time) GET /
Mon Nov 05 2018 17:53:08 GMT+0530 (India Standard Time) GET /
Mon Nov 05 2018 17:53:08 GMT+0530 (India Standard Time) GET /
Mon Nov 05 2018 17:53:08 GMT+0530 (India Standard Time) GET /
Mon Nov 05 2018 17:53:08 GMT+0530 (India Standard Time) GET /
Mon Nov 05 2018 17:54:46 GMT+0530 (India Standard Time) GET /
Mon Nov 05 2018 17:54:46 GMT+0530 (India Standard Time) GET /
Mon Nov 05 2018 17:54:47 GMT+0530 (India Standard Time) GET /
Mon Nov 05 2018 17:54:47 GMT+0530 (India Standard Time) GET /
Mon Nov 05 2018 18:07:20 GMT+0530 (India Standard Time) GET /
Mon Nov 05 2018 18:07:20 GMT+0530 (India Standard Time) GET /
